0 info it worked if it ends with ok
1 verbose cli [ 'node', '/usr/local/bin/npm', 'install', '-g', 'coffee' ]
2 info using npm@1.4.28
3 info using node@v0.10.35
4 verbose cache add [ 'coffee', null ]
5 verbose cache add name=undefined spec="coffee" args=["coffee",null]
6 verbose parsed url { protocol: null,
6 verbose parsed url   slashes: null,
6 verbose parsed url   auth: null,
6 verbose parsed url   host: null,
6 verbose parsed url   port: null,
6 verbose parsed url   hostname: null,
6 verbose parsed url   hash: null,
6 verbose parsed url   search: null,
6 verbose parsed url   query: null,
6 verbose parsed url   pathname: 'coffee',
6 verbose parsed url   path: 'coffee',
6 verbose parsed url   href: 'coffee' }
7 silly lockFile 44213f9f-coffee coffee
8 verbose lock coffee /Volumes/HDD/Users/Radian/.npm/44213f9f-coffee.lock
9 silly lockFile 44213f9f-coffee coffee
10 silly lockFile 44213f9f-coffee coffee
11 verbose addNamed [ 'coffee', '' ]
12 verbose addNamed [ null, '*' ]
13 silly lockFile 6f24caa5-coffee coffee@
14 verbose lock coffee@ /Volumes/HDD/Users/Radian/.npm/6f24caa5-coffee.lock
15 silly addNameRange { name: 'coffee', range: '*', hasData: false }
16 verbose request where is /coffee
17 verbose request registry https://registry.npmjs.org/
18 verbose request id f3dc1d14e4180db4
19 verbose url raw /coffee
20 verbose url resolving [ 'https://registry.npmjs.org/', './coffee' ]
21 verbose url resolved https://registry.npmjs.org/coffee
22 verbose request where is https://registry.npmjs.org/coffee
23 info trying registry request attempt 1 at 20:33:31
24 verbose etag "B1PK3XV1C59SMRTGSYRAWQWD3"
25 http GET https://registry.npmjs.org/coffee
26 http 304 https://registry.npmjs.org/coffee
27 silly registry.get cb [ 304,
27 silly registry.get   { date: 'Mon, 20 Apr 2015 12:33:31 GMT',
27 silly registry.get     server: 'Apache',
27 silly registry.get     via: '1.1 varnish',
27 silly registry.get     'last-modified': 'Mon, 20 Apr 2015 12:33:31 GMT',
27 silly registry.get     'cache-control': 'max-age=60',
27 silly registry.get     etag: '"B1PK3XV1C59SMRTGSYRAWQWD3"',
27 silly registry.get     age: '10',
27 silly registry.get     'x-served-by': 'cache-sjc3122-SJC',
27 silly registry.get     'x-cache': 'HIT',
27 silly registry.get     'x-cache-hits': '1',
27 silly registry.get     'x-timer': 'S1429533211.983292,VS0,VE0',
27 silly registry.get     vary: 'Accept',
27 silly registry.get     'content-length': '0',
27 silly registry.get     'keep-alive': 'timeout=10, max=50',
27 silly registry.get     connection: 'Keep-Alive' } ]
28 verbose etag https://registry.npmjs.org/coffee from cache
29 silly addNameRange number 2 { name: 'coffee', range: '*', hasData: true }
30 silly addNameRange versions [ 'coffee', [ '0.1.0', '1.0.0' ] ]
31 verbose addNamed [ 'coffee', '1.0.0' ]
32 verbose addNamed [ '1.0.0', '1.0.0' ]
33 silly lockFile 8e0d9103-coffee-1-0-0 coffee@1.0.0
34 verbose lock coffee@1.0.0 /Volumes/HDD/Users/Radian/.npm/8e0d9103-coffee-1-0-0.lock
35 silly lockFile 8e0d9103-coffee-1-0-0 coffee@1.0.0
36 silly lockFile 8e0d9103-coffee-1-0-0 coffee@1.0.0
37 silly lockFile 6f24caa5-coffee coffee@
38 silly lockFile 6f24caa5-coffee coffee@
39 silly resolved [ { name: 'coffee',
39 silly resolved     version: '1.0.0',
39 silly resolved     description: 'Test command line on nodejs',
39 silly resolved     main: 'index',
39 silly resolved     dependencies: { debug: '~2.1.1' },
39 silly resolved     devDependencies:
39 silly resolved      { coveralls: '2',
39 silly resolved        istanbul: '0',
39 silly resolved        jshint: '*',
39 silly resolved        mocha: '1',
39 silly resolved        should: '~4.6.0' },
39 silly resolved     repository: { type: 'git', url: 'https://github.com/popomore/coffee' },
39 silly resolved     homepage: 'https://github.com/popomore/coffee',
39 silly resolved     author: { name: 'popomore', email: 'sakura9515@gmail.com' },
39 silly resolved     keywords: [ 'test', 'shell', 'spawn', 'fork', 'child_process', 'exec' ],
39 silly resolved     license: 'MIT',
39 silly resolved     scripts: { test: 'make test' },
39 silly resolved     gitHead: 'a09dc69b46ff889306adc7d5b6fc13458e87fb50',
39 silly resolved     bugs: { url: 'https://github.com/popomore/coffee/issues' },
39 silly resolved     _id: 'coffee@1.0.0',
39 silly resolved     _shasum: 'f242eb3989c583718d92b0de040f74d3abeaf6cd',
39 silly resolved     _from: 'coffee@',
39 silly resolved     _npmVersion: '2.1.18',
39 silly resolved     _nodeVersion: '0.11.12',
39 silly resolved     _npmUser: { name: 'popomore', email: 'sakura9515@gmail.com' },
39 silly resolved     maintainers: [ [Object] ],
39 silly resolved     dist:
39 silly resolved      { shasum: 'f242eb3989c583718d92b0de040f74d3abeaf6cd',
39 silly resolved        tarball: 'http://registry.npmjs.org/coffee/-/coffee-1.0.0.tgz' },
39 silly resolved     directories: {},
39 silly resolved     _resolved: 'https://registry.npmjs.org/coffee/-/coffee-1.0.0.tgz',
39 silly resolved     readme: 'ERROR: No README data found!' } ]
40 info install coffee@1.0.0 into /usr/local/lib
41 info installOne coffee@1.0.0
42 verbose lib/node_modules/coffee unbuild
43 verbose tar unpack /Volumes/HDD/Users/Radian/.npm/coffee/1.0.0/package.tgz
44 silly lockFile c90277b0-sr-local-lib-node-modules-coffee tar:///usr/local/lib/node_modules/coffee
45 verbose lock tar:///usr/local/lib/node_modules/coffee /Volumes/HDD/Users/Radian/.npm/c90277b0-sr-local-lib-node-modules-coffee.lock
46 silly lockFile 6896740b-ian-npm-coffee-1-0-0-package-tgz tar:///Volumes/HDD/Users/Radian/.npm/coffee/1.0.0/package.tgz
47 verbose lock tar:///Volumes/HDD/Users/Radian/.npm/coffee/1.0.0/package.tgz /Volumes/HDD/Users/Radian/.npm/6896740b-ian-npm-coffee-1-0-0-package-tgz.lock
48 silly gunzTarPerm modes [ '755', '644' ]
49 error Error: EACCES, mkdir '/usr/local/lib/node_modules/coffee'
49 error  { [Error: EACCES, mkdir '/usr/local/lib/node_modules/coffee']
49 error   errno: 3,
49 error   code: 'EACCES',
49 error   path: '/usr/local/lib/node_modules/coffee',
49 error   fstream_type: 'Directory',
49 error   fstream_path: '/usr/local/lib/node_modules/coffee',
49 error   fstream_class: 'DirWriter',
49 error   fstream_stack:
49 error    [ '/usr/local/lib/node_modules/npm/node_modules/fstream/lib/dir-writer.js:36:23',
49 error      '/usr/local/lib/node_modules/npm/node_modules/mkdirp/index.js:46:53',
49 error      'Object.oncomplete (fs.js:108:15)' ] }
50 error Please try running this command again as root/Administrator.
51 error System Darwin 14.1.0
52 error command "node" "/usr/local/bin/npm" "install" "-g" "coffee"
53 error cwd /Applications/XAMPP/xamppfiles/htdocs/City/_radian
54 error node -v v0.10.35
55 error npm -v 1.4.28
56 error path /usr/local/lib/node_modules/coffee
57 error fstream_path /usr/local/lib/node_modules/coffee
58 error fstream_type Directory
59 error fstream_class DirWriter
60 error code EACCES
61 error errno 3
62 error stack Error: EACCES, mkdir '/usr/local/lib/node_modules/coffee'
63 error fstream_stack /usr/local/lib/node_modules/npm/node_modules/fstream/lib/dir-writer.js:36:23
63 error fstream_stack /usr/local/lib/node_modules/npm/node_modules/mkdirp/index.js:46:53
63 error fstream_stack Object.oncomplete (fs.js:108:15)
64 verbose exit [ 3, true ]
